Base path: E:/Unity/Editor/Data
Pipe name: \\.\pipe\UnityShaderCompiler-32bit-2-176
Cmd: getPlatforms
Cmd: compileSnippet
  api=5 type=0 insize=541 outsize=2079 kw=SHADOWS_DEPTH ok=1
Cmd: compileSnippet
  api=5 type=1 insize=541 outsize=6 kw=SHADOWS_CUBE ok=1
Cmd: compileSnippet
  api=5 type=0 insize=6810 outsize=4868 kw=DIRECTIONAL SHADOWS_OFF LIGHTMAP_OFF DIRLIGHTMAP_OFF DYNAMICLIGHTMAP_OFF VERTEXLIGHT_ON ok=1
Cmd: compileSnippet
  api=9 type=0 insize=6810 outsize=4138 kw=DIRECTIONAL SHADOWS_SCREEN SHADOWS_NATIVE LIGHTMAP_OFF DIRLIGHTMAP_OFF DYNAMICLIGHTMAP_OFF ok=1
Cmd: compileSnippet
  api=9 type=0 insize=6810 outsize=5649 kw=DIRECTIONAL SHADOWS_SCREEN SHADOWS_NATIVE LIGHTMAP_OFF DIRLIGHTMAP_OFF DYNAMICLIGHTMAP_OFF VERTEXLIGHT_ON ok=1
Cmd: compileSnippet
  api=5 type=1 insize=6810 outsize=6 kw=DIRECTIONAL SHADOWS_SCREEN LIGHTMAP_OFF DIRLIGHTMAP_OFF DYNAMICLIGHTMAP_OFF ok=1
Cmd: compileSnippet
  api=5 type=0 insize=3647 outsize=2897 kw=POINT ok=1
Cmd: compileSnippet
  api=9 type=0 insize=3647 outsize=3007 kw=POINT_COOKIE ok=1
Cmd: compileSnippet
  api=5 type=1 insize=3647 outsize=6 kw=DIRECTIONAL ok=1
Cmd: compileSnippet
  api=9 type=1 insize=3647 outsize=7 kw=POINT_COOKIE ok=1
Cmd: compileSnippet
  api=9 type=1 insize=2805 outsize=7 kw= ok=1
Cmd: compileSnippet
  api=5 type=0 insize=5974 outsize=3452 kw=LIGHTMAP_OFF DIRLIGHTMAP_OFF DYNAMICLIGHTMAP_OFF UNITY_HDR_ON ok=1
Cmd: compileSnippet
  api=5 type=1 insize=5974 outsize=6 kw=LIGHTMAP_OFF DIRLIGHTMAP_OFF DYNAMICLIGHTMAP_OFF UNITY_HDR_ON ok=1
Cmd: compileSnippet
  api=9 type=0 insize=5928 outsize=3377 kw=LIGHTMAP_OFF DIRLIGHTMAP_OFF DYNAMICLIGHTMAP_OFF UNITY_HDR_ON ok=1
Cmd: compileSnippet
  api=5 type=1 insize=5928 outsize=6 kw=LIGHTMAP_OFF DIRLIGHTMAP_OFF DYNAMICLIGHTMAP_OFF HDR_LIGHT_PREPASS_OFF ok=1
Cmd: compileSnippet
  api=9 type=0 insize=1275 outsize=3458 kw=DIRECTIONAL SHADOWS_OFF ok=1
Cmd: compileSnippet
  api=9 type=0 insize=1275 outsize=4171 kw=POINT_COOKIE SHADOWS_OFF ok=1
Cmd: compileSnippet
  api=5 type=0 insize=1275 outsize=5066 kw=SPOT SHADOWS_DEPTH SHADOWS_NONATIVE ok=1
Cmd: compileSnippet
  api=5 type=0 insize=1275 outsize=4191 kw=DIRECTIONAL_COOKIE SHADOWS_SCREEN ok=1
Cmd: compileSnippet
  api=9 type=0 insize=1275 outsize=4688 kw=POINT_COOKIE SHADOWS_CUBE ok=1
Cmd: compileSnippet
  api=5 type=0 insize=1275 outsize=5843 kw=POINT SHADOWS_CUBE SHADOWS_SOFT ok=1
Cmd: compileSnippet
  api=5 type=0 insize=1275 outsize=3902 kw=DIRECTIONAL SHADOWS_SCREEN SHADOWS_NATIVE ok=1
Cmd: compileSnippet
  api=5 type=1 insize=1275 outsize=6 kw=DIRECTIONAL SHADOWS_OFF ok=1
Cmd: compileSnippet
  api=9 type=1 insize=1275 outsize=7 kw=DIRECTIONAL_COOKIE SHADOWS_OFF ok=1
Cmd: compileSnippet
  api=5 type=1 insize=1275 outsize=6 kw=DIRECTIONAL SHADOWS_SCREEN ok=1
Cmd: compileSnippet
  api=5 type=1 insize=1275 outsize=6 kw=POINT_COOKIE SHADOWS_CUBE ok=1
Cmd: compileSnippet
  api=5 type=1 insize=1275 outsize=6 kw=POINT SHADOWS_CUBE SHADOWS_SOFT ok=1
Cmd: compileSnippet
  api=9 type=1 insize=1275 outsize=7 kw=DIRECTIONAL SHADOWS_SCREEN SHADOWS_NATIVE ok=1
Cmd: compileSnippet
  api=9 type=0 insize=1268 outsize=3398 kw=DIRECTIONAL SHADOWS_OFF ok=1
Cmd: compileSnippet
  api=5 type=0 insize=1268 outsize=4121 kw=SPOT SHADOWS_OFF ok=1
Cmd: compileSnippet
  api=5 type=0 insize=1268 outsize=3705 kw=DIRECTIONAL_COOKIE SHADOWS_OFF ok=1
Cmd: compileSnippet
  api=5 type=0 insize=1268 outsize=4406 kw=POINT SHADOWS_CUBE ok=1
Cmd: compileSnippet
  api=9 type=0 insize=1268 outsize=5857 kw=SPOT SHADOWS_DEPTH SHADOWS_SOFT SHADOWS_NATIVE ok=1
Cmd: compileSnippet
  api=5 type=1 insize=1268 outsize=6 kw=POINT SHADOWS_OFF ok=1
Cmd: compileSnippet
  api=9 type=1 insize=1268 outsize=7 kw=POINT_COOKIE SHADOWS_OFF ok=1
Cmd: compileSnippet
  api=5 type=1 insize=1268 outsize=6 kw=SPOT SHADOWS_DEPTH SHADOWS_NATIVE ok=1
Cmd: compileSnippet
  api=5 type=1 insize=1268 outsize=6 kw=POINT SHADOWS_CUBE ok=1
Cmd: compileSnippet
  api=5 type=1 insize=1268 outsize=6 kw=SPOT SHADOWS_DEPTH SHADOWS_SOFT SHADOWS_NONATIVE ok=1
Cmd: compileSnippet
  api=9 type=1 insize=1268 outsize=7 kw=POINT SHADOWS_CUBE SHADOWS_SOFT ok=1
Cmd: compileSnippet
  api=9 type=1 insize=1268 outsize=7 kw=DIRECTIONAL SHADOWS_SCREEN SHADOWS_NATIVE ok=1
Cmd: compileSnippet
  api=5 type=0 insize=1273 outsize=3365 kw=DIRECTIONAL SHADOWS_OFF ok=1
Cmd: compileSnippet
  api=5 type=0 insize=1273 outsize=3710 kw=DIRECTIONAL_COOKIE SHADOWS_OFF ok=1
Cmd: compileSnippet
  api=5 type=0 insize=1273 outsize=5074 kw=SPOT SHADOWS_DEPTH SHADOWS_NATIVE ok=1
Cmd: compileSnippet
  api=5 type=0 insize=1273 outsize=4710 kw=POINT_COOKIE SHADOWS_CUBE ok=1
Cmd: compileSnippet
  api=5 type=0 insize=1273 outsize=6426 kw=SPOT SHADOWS_DEPTH SHADOWS_SOFT SHADOWS_NONATIVE ok=1
Cmd: compileSnippet
  api=5 type=0 insize=1273 outsize=6087 kw=POINT_COOKIE SHADOWS_CUBE SHADOWS_SOFT ok=1
Cmd: compileSnippet
  api=5 type=0 insize=1273 outsize=4136 kw=DIRECTIONAL_COOKIE SHADOWS_SCREEN SHADOWS_NATIVE ok=1
Cmd: compileSnippet
  api=5 type=1 insize=1273 outsize=6 kw=DIRECTIONAL SHADOWS_OFF ok=1
Cmd: compileSnippet
  api=5 type=1 insize=1273 outsize=6 kw=POINT_COOKIE SHADOWS_OFF ok=1
Cmd: compileSnippet
  api=5 type=1 insize=1273 outsize=6 kw=SPOT SHADOWS_DEPTH SHADOWS_NONATIVE ok=1
Cmd: compileSnippet
  api=5 type=1 insize=1273 outsize=6 kw=POINT SHADOWS_CUBE ok=1
Cmd: compileSnippet
  api=5 type=1 insize=1273 outsize=6 kw=SPOT SHADOWS_DEPTH SHADOWS_SOFT SHADOWS_NONATIVE ok=1
Cmd: compileSnippet
  api=9 type=1 insize=1273 outsize=7 kw=POINT SHADOWS_CUBE SHADOWS_SOFT ok=1
Cmd: compileSnippet
  api=9 type=1 insize=1273 outsize=7 kw=DIRECTIONAL SHADOWS_SCREEN SHADOWS_NATIVE ok=1
Cmd: compileSnippet
  api=5 type=0 insize=1934 outsize=3507 kw=DIRECTIONAL SHADOWS_OFF ok=1
Cmd: compileSnippet
  api=9 type=0 insize=1934 outsize=4296 kw=POINT_COOKIE SHADOWS_OFF ok=1
Cmd: compileSnippet
  api=5 type=0 insize=1934 outsize=5432 kw=SPOT SHADOWS_DEPTH SHADOWS_NATIVE ok=1
Cmd: compileSnippet
  api=9 type=0 insize=1934 outsize=4468 kw=POINT SHADOWS_CUBE ok=1
Cmd: compileSnippet
  api=5 type=0 insize=1934 outsize=5922 kw=POINT SHADOWS_CUBE SHADOWS_SOFT ok=1
Cmd: compileSnippet
  api=9 type=0 insize=1934 outsize=6013 kw=POINT_COOKIE SHADOWS_CUBE SHADOWS_SOFT ok=1
Cmd: compileSnippet
  api=9 type=0 insize=1934 outsize=4474 kw=DIRECTIONAL_COOKIE SHADOWS_SCREEN SHADOWS_NATIVE ok=1
Cmd: compileSnippet
  api=5 type=0 insize=1934 outsize=4201 kw=SPOT SHADOWS_OFF UNITY_HDR_ON ok=1
Cmd: compileSnippet
  api=5 type=0 insize=1934 outsize=4159 kw=POINT_COOKIE SHADOWS_OFF UNITY_HDR_ON ok=1
Cmd: compileSnippet
  api=5 type=0 insize=1934 outsize=5255 kw=SPOT SHADOWS_DEPTH UNITY_HDR_ON SHADOWS_NONATIVE ok=1
Cmd: compileSnippet
  api=5 type=0 insize=1934 outsize=4334 kw=DIRECTIONAL_COOKIE SHADOWS_SCREEN UNITY_HDR_ON ok=1
Cmd: compileSnippet
  api=5 type=0 insize=1934 outsize=6670 kw=SPOT SHADOWS_DEPTH SHADOWS_SOFT UNITY_HDR_ON SHADOWS_NONATIVE ok=1
Cmd: compileSnippet
  api=9 type=0 insize=1934 outsize=6106 kw=SPOT SHADOWS_DEPTH SHADOWS_SOFT SHADOWS_NATIVE UNITY_HDR_ON ok=1
Cmd: compileSnippet
  api=5 type=0 insize=1934 outsize=6112 kw=POINT_COOKIE SHADOWS_CUBE SHADOWS_SOFT UNITY_HDR_ON ok=1
Cmd: compileSnippet
  api=5 type=0 insize=1934 outsize=4334 kw=DIRECTIONAL_COOKIE SHADOWS_SCREEN SHADOWS_NATIVE UNITY_HDR_ON ok=1
Cmd: compileSnippet
  api=9 type=1 insize=1934 outsize=7 kw=DIRECTIONAL SHADOWS_OFF ok=1
Cmd: compileSnippet
  api=9 type=1 insize=1934 outsize=7 kw=SPOT SHADOWS_OFF ok=1
Cmd: compileSnippet
  api=9 type=1 insize=1934 outsize=7 kw=DIRECTIONAL_COOKIE SHADOWS_OFF ok=1
Cmd: compileSnippet
  api=5 type=1 insize=1934 outsize=6 kw=DIRECTIONAL SHADOWS_SCREEN ok=1
Cmd: compileSnippet
  api=5 type=1 insize=1934 outsize=6 kw=POINT_COOKIE SHADOWS_CUBE ok=1
Cmd: compileSnippet
  api=5 type=1 insize=1934 outsize=6 kw=POINT SHADOWS_CUBE SHADOWS_SOFT ok=1
Cmd: compileSnippet
  api=5 type=1 insize=1934 outsize=6 kw=DIRECTIONAL SHADOWS_SCREEN SHADOWS_NATIVE ok=1
Cmd: compileSnippet
  api=5 type=1 insize=1934 outsize=6 kw=DIRECTIONAL_COOKIE SHADOWS_SCREEN SHADOWS_NATIVE ok=1
Cmd: compileSnippet
  api=9 type=1 insize=1934 outsize=7 kw=DIRECTIONAL SHADOWS_OFF UNITY_HDR_ON ok=1
Cmd: compileSnippet
  api=9 type=1 insize=1934 outsize=7 kw=POINT_COOKIE SHADOWS_OFF UNITY_HDR_ON ok=1
Cmd: compileSnippet
  api=5 type=1 insize=1934 outsize=6 kw=SPOT SHADOWS_DEPTH SHADOWS_NATIVE UNITY_HDR_ON ok=1
Cmd: compileSnippet
  api=5 type=1 insize=1934 outsize=6 kw=POINT SHADOWS_CUBE UNITY_HDR_ON ok=1
Cmd: compileSnippet
  api=5 type=1 insize=1934 outsize=6 kw=SPOT SHADOWS_DEPTH SHADOWS_SOFT UNITY_HDR_ON SHADOWS_NONATIVE ok=1
Cmd: compileSnippet
  api=9 type=1 insize=1934 outsize=7 kw=POINT_COOKIE SHADOWS_CUBE SHADOWS_SOFT UNITY_HDR_ON ok=1
Cmd: compileSnippet
  api=5 type=1 insize=1934 outsize=6 kw=DIRECTIONAL_COOKIE SHADOWS_SCREEN SHADOWS_NATIVE UNITY_HDR_ON ok=1
Cmd: compileSnippet
  api=9 type=1 insize=683 outsize=7 kw= ok=1
Cmd: compileSnippet
  api=9 type=1 insize=1051 outsize=7 kw= ok=1
Cmd: compileSnippet
  api=9 type=1 insize=1089 outsize=7 kw= ok=1
Cmd: compileSnippet
  api=9 type=1 insize=6481 outsize=7 kw= ok=1
Cmd: compileSnippet
  api=9 type=1 insize=723 outsize=7 kw= ok=1
Cmd: compileSnippet
  api=9 type=1 insize=1079 outsize=7 kw= ok=1
Unhandled exception: Readfile from pipe failed. GLE=The pipe has been ended.


Quitting shader compiler process

Crashed!
